00:08:04.936 [background-preinit] INFO  o.h.validator.internal.util.Version - HV000001: Hibernate Validator 8.0.1.Final
00:08:04.984 [restartedMain] INFO  org.unicam.intermediate.Application - Starting Application using Java 22.0.2 with PID 26820 (C:\Users\nabil\Desktop\new-folder\UNICAM\Tesi\eabpmn-monorepo\camunda-bpmn-engine\target\classes started by nabil in C:\Users\nabil\Desktop\new-folder\UNICAM\Tesi\eabpmn-monorepo\camunda-bpmn-engine)
00:08:04.984 [restartedMain] INFO  org.unicam.intermediate.Application - No active profile set, falling back to 1 default profile: "default"
00:08:05.033 [restartedMain] INFO  o.s.b.d.restart.ChangeableUrls - The Class-Path manifest attribute in C:\Users\nabil\.m2\repository\com\sun\xml\bind\jaxb-impl\4.0.5\jaxb-impl-4.0.5.jar referenced one or more files that do not exist: file:/C:/Users/nabil/.m2/repository/com/sun/xml/bind/jaxb-impl/4.0.5/jaxb-core.jar,file:/C:/Users/nabil/.m2/repository/com/sun/xml/bind/jaxb-impl/4.0.5/angus-activation.jar
00:08:05.034 [restartedMain] INFO  o.s.b.d.restart.ChangeableUrls - The Class-Path manifest attribute in C:\Users\nabil\.m2\repository\com\sun\xml\bind\jaxb-core\4.0.5\jaxb-core-4.0.5.jar referenced one or more files that do not exist: file:/C:/Users/nabil/.m2/repository/com/sun/xml/bind/jaxb-core/4.0.5/jakarta.activation-api.jar,file:/C:/Users/nabil/.m2/repository/com/sun/xml/bind/jaxb-core/4.0.5/jakarta.xml.bind-api.jar
00:08:05.034 [restartedMain] INFO  o.s.b.d.restart.ChangeableUrls - The Class-Path manifest attribute in C:\Users\nabil\.m2\repository\org\glassfish\hk2\hk2\3.0.6\hk2-3.0.6.jar referenced one or more files that do not exist: file:/C:/Users/nabil/.m2/repository/org/glassfish/hk2/hk2/3.0.6/hk2-utils.jar,file:/C:/Users/nabil/.m2/repository/org/glassfish/hk2/hk2/3.0.6/jakarta.annotation-api.jar,file:/C:/Users/nabil/.m2/repository/org/glassfish/hk2/hk2/3.0.6/jakarta.inject-api.jar,file:/C:/Users/nabil/.m2/repository/org/glassfish/hk2/hk2/3.0.6/hk2-api.jar,file:/C:/Users/nabil/.m2/repository/org/glassfish/hk2/hk2/3.0.6/aopalliance-repackaged.jar,file:/C:/Users/nabil/.m2/repository/org/glassfish/hk2/hk2/3.0.6/hk2-core.jar,file:/C:/Users/nabil/.m2/repository/org/glassfish/hk2/hk2/3.0.6/hk2-locator.jar,file:/C:/Users/nabil/.m2/repository/org/glassfish/hk2/hk2/3.0.6/javassist.jar,file:/C:/Users/nabil/.m2/repository/org/glassfish/hk2/hk2/3.0.6/hk2-runlevel.jar,file:/C:/Users/nabil/.m2/repository/org/glassfish/hk2/hk2/3.0.6/class-model.jar,file:/C:/Users/nabil/.m2/repository/org/glassfish/hk2/hk2/3.0.6/asm.jar,file:/C:/Users/nabil/.m2/repository/org/glassfish/hk2/hk2/3.0.6/asm-analysis.jar,file:/C:/Users/nabil/.m2/repository/org/glassfish/hk2/hk2/3.0.6/asm-commons.jar,file:/C:/Users/nabil/.m2/repository/org/glassfish/hk2/hk2/3.0.6/asm-tree.jar,file:/C:/Users/nabil/.m2/repository/org/glassfish/hk2/hk2/3.0.6/asm-util.jar
00:08:05.035 [restartedMain] INFO  o.s.b.d.e.DevToolsPropertyDefaultsPostProcessor - Devtools property defaults active! Set 'spring.devtools.add-properties' to 'false' to disable
00:08:05.035 [restartedMain] INFO  o.s.b.d.e.DevToolsPropertyDefaultsPostProcessor - For additional web related logging consider setting the 'logging.level.web' property to 'DEBUG'
00:08:06.445 [restartedMain] INFO  o.s.b.w.e.tomcat.TomcatWebServer - Tomcat initialized with port 8082 (http)
00:08:06.461 [restartedMain] INFO  o.a.coyote.http11.Http11NioProtocol - Initializing ProtocolHandler ["http-nio-8082"]
00:08:06.462 [restartedMain] INFO  o.a.catalina.core.StandardService - Starting service [Tomcat]
00:08:06.463 [restartedMain] INFO  o.a.catalina.core.StandardEngine - Starting Servlet engine: [Apache Tomcat/10.1.20]
00:08:06.514 [restartedMain] INFO  o.a.c.c.C.[Tomcat].[localhost].[/] - Initializing Spring embedded WebApplicationContext
00:08:06.515 [restartedMain] INFO  o.s.b.w.s.c.ServletWebServerApplicationContext - Root WebApplicationContext: initialization completed in 1479 ms
00:08:06.537 [restartedMain] INFO  o.c.b.s.b.s.r.CamundaJerseyResourceConfig - Configuring camunda rest api.
00:08:06.555 [restartedMain] INFO  o.c.b.s.b.s.r.CamundaJerseyResourceConfig - Finished configuring camunda rest api.
00:08:06.742 [restartedMain] INFO  com.zaxxer.hikari.HikariDataSource - HikariPool-1 - Starting...
00:08:06.927 [restartedMain] INFO  com.zaxxer.hikari.pool.HikariPool - HikariPool-1 - Added connection conn0: url=jdbc:h2:mem:ce139008-8329-4bea-ad84-07a4759742c7 user=SA
00:08:06.927 [restartedMain] INFO  com.zaxxer.hikari.HikariDataSource - HikariPool-1 - Start completed.
00:08:06.934 [restartedMain] INFO  o.s.b.a.h.H2ConsoleAutoConfiguration - H2 console available at '/h2-console'. Database available at 'jdbc:h2:mem:ce139008-8329-4bea-ad84-07a4759742c7'
00:08:07.090 [restartedMain] INFO  org.camunda.bpm.spring.boot - STARTER-SB040 Setting up jobExecutor with corePoolSize=3, maxPoolSize:10
00:08:07.162 [restartedMain] INFO  org.camunda.bpm.engine.cfg - ENGINE-12003 Plugin 'CompositeProcessEnginePlugin[genericPropertiesConfiguration, camundaConfig, camundaProcessEngineConfiguration, camundaDatasourceConfiguration, camundaJobConfiguration, camundaHistoryConfiguration, camundaMetricsConfiguration, camundaAuthorizationConfiguration, camundaDeploymentConfiguration, createAdminUserConfiguration, failedJobConfiguration, , eventPublisherPlugin, ApplicationContextClassloaderSwitchPlugin]' activated on process engine 'default'
00:08:07.707 [restartedMain] INFO  org.camunda.bpm.spring.boot - STARTER-SB021 Auto-Deploying resources: []
00:08:07.709 [restartedMain] INFO  o.u.i.config.CamundaConfig - [CamundaConfig] Registered parse listeners
00:08:07.709 [restartedMain] INFO  o.c.b.s.b.s.e.EventPublisherPlugin - EVENTING-001: Initialized Camunda Spring Boot Eventing Engine Plugin.
00:08:07.709 [restartedMain] INFO  o.c.b.s.b.s.e.EventPublisherPlugin - EVENTING-003: Task events will be published as Spring Events.
00:08:07.709 [restartedMain] INFO  o.c.b.s.b.s.e.EventPublisherPlugin - EVENTING-005: Execution events will be published as Spring Events.
00:08:07.709 [restartedMain] INFO  o.c.b.s.b.s.e.EventPublisherPlugin - EVENTING-009: Listeners will not be invoked if a skipCustomListeners API parameter is set to true by user.
00:08:07.714 [restartedMain] INFO  o.c.b.s.b.s.e.EventPublisherPlugin - EVENTING-007: History events will be published as Spring events.
00:08:09.377 [restartedMain] INFO  org.camunda.bpm.engine.persistence - ENGINE-03016 Performing database operation 'create' on component 'engine' with resource 'org/camunda/bpm/engine/db/create/activiti.h2.create.engine.sql'
00:08:09.400 [restartedMain] INFO  org.camunda.bpm.engine.persistence - ENGINE-03016 Performing database operation 'create' on component 'history' with resource 'org/camunda/bpm/engine/db/create/activiti.h2.create.history.sql'
00:08:09.405 [restartedMain] INFO  org.camunda.bpm.engine.persistence - ENGINE-03016 Performing database operation 'create' on component 'identity' with resource 'org/camunda/bpm/engine/db/create/activiti.h2.create.identity.sql'
00:08:09.411 [restartedMain] INFO  org.camunda.bpm.engine.persistence - ENGINE-03016 Performing database operation 'create' on component 'case.engine' with resource 'org/camunda/bpm/engine/db/create/activiti.h2.create.case.engine.sql'
00:08:09.414 [restartedMain] INFO  org.camunda.bpm.engine.persistence - ENGINE-03016 Performing database operation 'create' on component 'case.history' with resource 'org/camunda/bpm/engine/db/create/activiti.h2.create.case.history.sql'
00:08:09.416 [restartedMain] INFO  org.camunda.bpm.engine.persistence - ENGINE-03016 Performing database operation 'create' on component 'decision.engine' with resource 'org/camunda/bpm/engine/db/create/activiti.h2.create.decision.engine.sql'
00:08:09.418 [restartedMain] INFO  org.camunda.bpm.engine.persistence - ENGINE-03016 Performing database operation 'create' on component 'decision.history' with resource 'org/camunda/bpm/engine/db/create/activiti.h2.create.decision.history.sql'
00:08:09.444 [restartedMain] INFO  org.camunda.bpm.engine.persistence - ENGINE-03067 No history level property found in database
00:08:09.446 [restartedMain] INFO  org.camunda.bpm.engine.persistence - ENGINE-03065 Creating historyLevel property in database for level: HistoryLevelFull(name=full, id=3)
00:08:09.458 [restartedMain] INFO  org.camunda.bpm.engine - ENGINE-00001 Process Engine default created.
00:08:09.543 [restartedMain] INFO  o.u.i.s.p.ParticipantDataService - [ParticipantDataService] Attempting to load participants from scenario: university
00:08:09.547 [restartedMain] INFO  o.u.i.s.p.ParticipantDataService - [ParticipantDataService] Resource filename: classpath:envs/university.json
00:08:09.547 [restartedMain] INFO  o.u.i.s.p.ParticipantDataService - [ParticipantDataService] Resource exists: true
00:08:09.547 [restartedMain] INFO  o.u.i.s.p.ParticipantDataService - [ParticipantDataService] Resource URL: file:/C:/Users/nabil/Desktop/new-folder/UNICAM/Tesi/eabpmn-monorepo/camunda-bpmn-engine/target/classes/envs/university.json
00:08:09.591 [restartedMain] INFO  o.u.i.s.p.ParticipantDataService - [ParticipantDataService] ParticipantConfiguration loaded. Participants count: 5
00:08:09.591 [restartedMain] INFO  o.u.i.s.p.ParticipantDataService - [ParticipantDataService] Successfully loaded 5 participants from scenario 'university' (file: classpath:envs/university.json)
00:08:09.591 [restartedMain] INFO  o.u.i.s.p.ParticipantDataService - [ParticipantDataService] Total participants in map after loading: 5
00:08:09.758 [restartedMain] INFO  o.u.i.s.e.EnvironmentDataService - [EnvironmentDataService] Environment loaded from classpath resource 'envs/university.json' with 17 places, 6 logical places
00:08:09.788 [restartedMain] INFO  o.u.i.service.TaskTypeRegistry - [TaskTypeRegistry] Initialized with 3 task types
00:08:09.883 [restartedMain] WARN  o.s.b.a.s.s.UserDetailsServiceAutoConfiguration - 

Using generated security password: a723c308-99b6-421c-8d84-05f4124f670b

This generated password is for development use only. Your security configuration must be updated before running your application in production.

00:08:10.154 [restartedMain] INFO  o.s.b.a.e.web.EndpointLinksResolver - Exposing 1 endpoint(s) beneath base path '/actuator'
00:08:10.193 [restartedMain] INFO  o.s.s.web.DefaultSecurityFilterChain - Will secure any request with [org.springframework.security.web.session.DisableEncodeUrlFilter@33e64184, org.springframework.security.web.context.request.async.WebAsyncManagerIntegrationFilter@2e1dc145, org.springframework.security.web.context.SecurityContextHolderFilter@3677c669, org.springframework.security.web.header.HeaderWriterFilter@72e8b22, org.springframework.web.filter.CorsFilter@13590bd8, org.springframework.security.web.authentication.logout.LogoutFilter@6e12b7ac, org.springframework.security.web.savedrequest.RequestCacheAwareFilter@7a1aeb4c, org.springframework.security.web.servletapi.SecurityContextHolderAwareRequestFilter@4acf9a5a, org.springframework.security.web.authentication.AnonymousAuthenticationFilter@2e6f2ead, org.springframework.security.web.access.ExceptionTranslationFilter@1f4443eb, org.springframework.security.web.access.intercept.AuthorizationFilter@19a088dd]
00:08:10.313 [restartedMain] INFO  o.c.b.s.b.s.w.f.LazyInitRegistration - lazy initialized org.camunda.bpm.spring.boot.starter.webapp.filter.LazySecurityFilter@1daaac9a
00:08:10.313 [restartedMain] INFO  o.c.b.s.b.s.w.f.LazyInitRegistration - lazy initialized org.camunda.bpm.spring.boot.starter.webapp.filter.LazyProcessEnginesFilter@7ba69401
00:08:10.399 [restartedMain] INFO  o.s.b.d.a.OptionalLiveReloadServer - LiveReload server is running on port 35729
00:08:10.448 [restartedMain] INFO  o.a.coyote.http11.Http11NioProtocol - Starting ProtocolHandler ["http-nio-8082"]
00:08:10.455 [restartedMain] INFO  o.s.b.w.e.tomcat.TomcatWebServer - Tomcat started on port 8082 (http) with context path ''
00:08:10.469 [restartedMain] INFO  org.unicam.intermediate.Application - Started Application in 5.806 seconds (process running for 6.356)
00:08:10.529 [restartedMain] INFO  o.u.i.config.EnvironmentInitializer - [EnvironmentInitializer] Initializing Environment on startup
00:08:10.533 [restartedMain] INFO  o.u.i.s.e.EnvironmentDataService - [EnvironmentDataService] Environment loaded from classpath resource 'envs/university.json' with 17 places, 6 logical places
00:08:10.533 [restartedMain] INFO  o.u.i.config.EnvironmentInitializer - [EnvironmentInitializer] Environment loaded with 17 physical places
00:08:10.533 [restartedMain] INFO  o.u.i.config.UserInitializer - [UserInitializer] Starting user and group initialization...
00:08:10.538 [restartedMain] INFO  o.u.i.config.UserInitializer - [UserInitializer] Created NEW group: students
00:08:10.540 [restartedMain] INFO  o.u.i.config.UserInitializer - [UserInitializer] Created NEW group: tutors
00:08:10.543 [restartedMain] INFO  o.u.i.config.UserInitializer - [UserInitializer] Added aa to students group
00:08:10.545 [restartedMain] INFO  o.u.i.config.UserInitializer - [UserInitializer] Created NEW group: admins
00:08:10.547 [restartedMain] INFO  o.u.i.config.UserInitializer - [UserInitializer] ========================================
00:08:10.548 [restartedMain] INFO  o.u.i.config.UserInitializer - [UserInitializer] Initialization completed successfully!
00:08:10.548 [restartedMain] INFO  o.u.i.config.UserInitializer - [UserInitializer] ========================================.
00:08:10.548 [restartedMain] INFO  o.u.i.config.UserInitializer - [UserInitializer] Current users count: 2
00:08:10.549 [restartedMain] INFO  o.u.i.config.UserInitializer - [UserInitializer] Current groups count: 4
00:08:10.549 [restartedMain] INFO  o.u.i.config.UserInitializer - [UserInitializer] 
00:08:10.550 [restartedMain] INFO  o.u.i.config.UserInitializer - [UserInitializer] Camunda Cockpit: http://localhost:8082/camunda
00:08:10.550 [restartedMain] INFO  o.u.i.config.UserInitializer - [UserInitializer] 
00:08:10.550 [restartedMain] INFO  o.u.i.config.UserInitializer - [UserInitializer] All users in system:
00:08:10.552 [restartedMain] INFO  o.u.i.config.UserInitializer - [UserInitializer]   - aa (a a) - Groups: [admins, students]
00:08:10.554 [restartedMain] INFO  o.u.i.config.UserInitializer - [UserInitializer]   - demo (demo Demo) - Groups: [camunda-admin]
00:08:10.556 [restartedMain] INFO  o.u.i.config.DeploymentJsonLogger - [DeploymentJsonLogger] Initialized with 0 existing deployments
00:08:10.556 [restartedMain] INFO  o.u.i.config.MessageFlowRegistrar - [MessageFlowRegistrar] Application ready - registering message flows for all deployed processes
00:08:10.559 [restartedMain] INFO  org.camunda.bpm.engine.jobexecutor - ENGINE-14014 Starting up the JobExecutor[org.camunda.bpm.engine.spring.components.jobexecutor.SpringJobExecutor].
00:08:10.562 [JobExecutor[org.camunda.bpm.engine.spring.components.jobexecutor.SpringJobExecutor]] INFO  org.camunda.bpm.engine.jobexecutor - ENGINE-14018 JobExecutor[org.camunda.bpm.engine.spring.components.jobexecutor.SpringJobExecutor] starting to acquire jobs
19:12:19.857 [HikariPool-1 housekeeper] WARN  com.zaxxer.hikari.pool.HikariPool - HikariPool-1 - Thread starvation or clock leap detected (housekeeper delta=16h54m44s249ms76µs400ns).
22:08:00.803 [HikariPool-1 housekeeper] WARN  com.zaxxer.hikari.pool.HikariPool - HikariPool-1 - Thread starvation or clock leap detected (housekeeper delta=1h8m38s707ms686µs700ns).
23:01:20.022 [HikariPool-1 housekeeper] WARN  com.zaxxer.hikari.pool.HikariPool - HikariPool-1 - Thread starvation or clock leap detected (housekeeper delta=48m19s115ms179µs900ns).
